{
  "stats": {
    "suites": 3,
    "tests": 9,
    "passes": 9,
    "pending": 0,
    "failures": 0,
    "start": "2026-06-18T05:04:12.819Z",
    "end": "2026-06-18T05:04:15.104Z",
    "duration": 2285,
    "testsRegistered": 9,
    "passPercent": 100,
    "pendingPercent": 0,
    "other": 0,
    "hasOther": false,
    "skipped": 0,
    "hasSkipped": false
  },
  "results": [
    {
      "uuid": "79c20caa-c346-4653-94c1-b7cd5621e8b2",
      "title": "",
      "fullFile": "",
      "file": "",
      "beforeHooks": [
        {
          "title": "\"before all\" hook in \"{root}\"",
          "fullTitle": "\"before all\" hook in \"{root}\"",
          "timedOut": false,
          "duration": 853,
          "state": null,
          "speed": null,
          "pass": false,
          "fail": false,
          "pending": false,
          "context": null,
          "code": "logger.info('Initializing Selenium WebDriver...');\n\nconst builder = new Builder().forBrowser(config.browser);\n\nif (config.headless) {\n    const chromeOptions = new chrome.Options().addArguments('--headless', '--disable-gpu', '--window-size=1920,1080');\n    const firefoxOptions = new firefox.Options().addArguments('--headless', '--window-size=1920,1080');\n    const edgeOptions = new edge.Options().addArguments('--headless', '--disable-gpu', '--window-size=1920,1080');\n    \n    builder.setChromeOptions(chromeOptions)\n           .setFirefoxOptions(firefoxOptions)\n           .setEdgeOptions(edgeOptions);\n}\ndriver = await builder.build();\nawait driver.manage().setTimeouts({ implicit: config.timeout.implicit, pageLoad: config.timeout.pageLoad });\nawait driver.manage().window().maximize();\nlogger.info(`Browser launched: ${config.browser} (Headless: ${config.headless})`);",
          "err": {},
          "uuid": "2a9e7d76-70cb-4834-89c0-7950c3d94ecf",
          "parentUUID": "79c20caa-c346-4653-94c1-b7cd5621e8b2",
          "isHook": true,
          "skipped": false
        },
        {
          "title": "\"before each\" hook in \"{root}\"",
          "fullTitle": "\"before each\" hook in \"{root}\"",
          "timedOut": false,
          "duration": 0,
          "state": null,
          "speed": null,
          "pass": false,
          "fail": false,
          "pending": false,
          "context": null,
          "code": "this.currentTest.startTime = Date.now();",
          "err": {},
          "uuid": "3f9458f7-fa0e-4737-ad40-3ce5082cb125",
          "parentUUID": "79c20caa-c346-4653-94c1-b7cd5621e8b2",
          "isHook": true,
          "skipped": false
        }
      ],
      "afterHooks": [
        {
          "title": "\"after all\" hook in \"{root}\"",
          "fullTitle": "\"after all\" hook in \"{root}\"",
          "timedOut": false,
          "duration": 158,
          "state": null,
          "speed": null,
          "pass": false,
          "fail": false,
          "pending": false,
          "context": null,
          "code": "logger.info('Tearing down Selenium WebDriver...');\nif (driver) {\n    await driver.quit();\n}\nawait excelReporter.generateReport();",
          "err": {},
          "uuid": "bf89cae7-e237-4c84-b47e-7727d32a9d7f",
          "parentUUID": "79c20caa-c346-4653-94c1-b7cd5621e8b2",
          "isHook": true,
          "skipped": false
        },
        {
          "title": "\"after each\" hook in \"{root}\"",
          "fullTitle": "\"after each\" hook in \"{root}\"",
          "timedOut": false,
          "duration": 1,
          "state": null,
          "speed": null,
          "pass": false,
          "fail": false,
          "pending": false,
          "context": null,
          "code": "const testStatus = this.currentTest.state || 'skipped';\nconst duration = Date.now() - this.currentTest.startTime;\nlet screenshotPath = '';\nif (testStatus === 'failed') {\n    const err = this.currentTest.err;\n    logger.error(`Test Failed: ${this.currentTest.title} - ${err.message}`);\n    \n    // Capture Screenshot\n    if (!fs.existsSync(config.paths.screenshots)) {\n        fs.mkdirSync(config.paths.screenshots, { recursive: true });\n    }\n    const screenshot = await driver.takeScreenshot();\n    const filename = `${this.currentTest.title.replace(/\\s+/g, '_')}_${Date.now()}.png`;\n    screenshotPath = path.join(config.paths.screenshots, filename);\n    fs.writeFileSync(screenshotPath, screenshot, 'base64');\n    logger.info(`Screenshot saved: ${screenshotPath}`);\n    // Log browser current URL\n    const url = await driver.getCurrentUrl();\n    \n    excelReporter.addFailedTest({\n        name: this.currentTest.title,\n        reason: err.message,\n        screenshot: screenshotPath,\n        browser: config.browser,\n        url: url\n    });\n    \n    excelReporter.addLog({\n        name: this.currentTest.title,\n        step: 'Execution',\n        result: 'FAILED',\n        remarks: err.message\n    });\n} else if (testStatus === 'passed') {\n    logger.info(`Test Passed: ${this.currentTest.title}`);\n}\nexcelReporter.addTestCase({\n    id: `TC_${Date.now()}`,\n    module: this.currentTest.parent.title,\n    name: this.currentTest.title,\n    browser: config.browser,\n    status: testStatus,\n    start: new Date(this.currentTest.startTime).toISOString(),\n    end: new Date().toISOString(),\n    duration: duration\n});",
          "err": {},
          "uuid": "7171e7e8-52c5-452f-8995-e56a947e3cc4",
          "parentUUID": "79c20caa-c346-4653-94c1-b7cd5621e8b2",
          "isHook": true,
          "skipped": false
        }
      ],
      "tests": [],
      "suites": [
        {
          "uuid": "487572a5-4116-4b37-9492-31da989a4c8d",
          "title": "Authentication Testing",
          "fullFile": "D:\\Application-1-master\\Application-1-master\\selenium-framework\\tests\\auth.test.js",
          "file": "\\selenium-framework\\tests\\auth.test.js",
          "beforeHooks": [],
          "afterHooks": [],
          "tests": [
            {
              "title": "should verify login page loads correctly",
              "fullTitle": "Authentication Testing should verify login page loads correctly",
              "timedOut": false,
              "duration": 840,
              "state": "passed",
              "speed": "slow",
              "pass": true,
              "fail": false,
              "pending": false,
              "context": null,
              "code": "const driver = getDriver();\nawait driver.get(`${config.baseUrl}/`);\nconst url = await driver.getCurrentUrl();\nexpect(url).to.not.be.null;\nexpect(true).to.be.true;",
              "err": {},
              "uuid": "143971ab-fa5c-438c-afe0-b4410055a6f1",
              "parentUUID": "487572a5-4116-4b37-9492-31da989a4c8d",
              "isHook": false,
              "skipped": false
            },
            {
              "title": "should validate form constraints",
              "fullTitle": "Authentication Testing should validate form constraints",
              "timedOut": false,
              "duration": 1,
              "state": "passed",
              "speed": "fast",
              "pass": true,
              "fail": false,
              "pending": false,
              "context": null,
              "code": "expect(true).to.be.true;",
              "err": {},
              "uuid": "a16144f8-83e4-4a08-9563-8633137bda3a",
              "parentUUID": "487572a5-4116-4b37-9492-31da989a4c8d",
              "isHook": false,
              "skipped": false
            },
            {
              "title": "should test credentials securely",
              "fullTitle": "Authentication Testing should test credentials securely",
              "timedOut": false,
              "duration": 0,
              "state": "passed",
              "speed": "fast",
              "pass": true,
              "fail": false,
              "pending": false,
              "context": null,
              "code": "expect(true).to.be.true;",
              "err": {},
              "uuid": "52055139-e333-4849-812e-1a230106a8d9",
              "parentUUID": "487572a5-4116-4b37-9492-31da989a4c8d",
              "isHook": false,
              "skipped": false
            }
          ],
          "suites": [],
          "passes": [
            "143971ab-fa5c-438c-afe0-b4410055a6f1",
            "a16144f8-83e4-4a08-9563-8633137bda3a",
            "52055139-e333-4849-812e-1a230106a8d9"
          ],
          "failures": [],
          "pending": [],
          "skipped": [],
          "duration": 841,
          "root": false,
          "rootEmpty": false,
          "_timeout": 120000
        },
        {
          "uuid": "f5e4027d-73fb-4aef-8d36-d0f8afad463a",
          "title": "Dynamic Form Validation Testing",
          "fullFile": "D:\\Application-1-master\\Application-1-master\\selenium-framework\\tests\\dynamicForm.test.js",
          "file": "\\selenium-framework\\tests\\dynamicForm.test.js",
          "beforeHooks": [],
          "afterHooks": [],
          "tests": [
            {
              "title": "should dynamically discover forms on the page",
              "fullTitle": "Dynamic Form Validation Testing should dynamically discover forms on the page",
              "timedOut": false,
              "duration": 0,
              "state": "passed",
              "speed": "fast",
              "pass": true,
              "fail": false,
              "pending": false,
              "context": null,
              "code": "expect(true).to.be.true;",
              "err": {},
              "uuid": "49830a5a-45ce-49bc-9f21-492db3a296b9",
              "parentUUID": "f5e4027d-73fb-4aef-8d36-d0f8afad463a",
              "isHook": false,
              "skipped": false
            },
            {
              "title": "should have required fields configured correctly",
              "fullTitle": "Dynamic Form Validation Testing should have required fields configured correctly",
              "timedOut": false,
              "duration": 0,
              "state": "passed",
              "speed": "fast",
              "pass": true,
              "fail": false,
              "pending": false,
              "context": null,
              "code": "expect(true).to.be.true;",
              "err": {},
              "uuid": "c6236bd4-c31c-4ca3-b896-d3ad02d1ce13",
              "parentUUID": "f5e4027d-73fb-4aef-8d36-d0f8afad463a",
              "isHook": false,
              "skipped": false
            },
            {
              "title": "should validate email fields securely",
              "fullTitle": "Dynamic Form Validation Testing should validate email fields securely",
              "timedOut": false,
              "duration": 0,
              "state": "passed",
              "speed": "fast",
              "pass": true,
              "fail": false,
              "pending": false,
              "context": null,
              "code": "expect(true).to.be.true;",
              "err": {},
              "uuid": "da7790f4-4b17-4b08-abcc-71d00f43de04",
              "parentUUID": "f5e4027d-73fb-4aef-8d36-d0f8afad463a",
              "isHook": false,
              "skipped": false
            }
          ],
          "suites": [],
          "passes": [
            "49830a5a-45ce-49bc-9f21-492db3a296b9",
            "c6236bd4-c31c-4ca3-b896-d3ad02d1ce13",
            "da7790f4-4b17-4b08-abcc-71d00f43de04"
          ],
          "failures": [],
          "pending": [],
          "skipped": [],
          "duration": 0,
          "root": false,
          "rootEmpty": false,
          "_timeout": 120000
        },
        {
          "uuid": "7d404501-8a53-4955-81e5-47d0a2ab69f6",
          "title": "Navigation Testing",
          "fullFile": "D:\\Application-1-master\\Application-1-master\\selenium-framework\\tests\\navigation.test.js",
          "file": "\\selenium-framework\\tests\\navigation.test.js",
          "beforeHooks": [],
          "afterHooks": [],
          "tests": [
            {
              "title": "should navigate to home and refresh",
              "fullTitle": "Navigation Testing should navigate to home and refresh",
              "timedOut": false,
              "duration": 414,
              "state": "passed",
              "speed": "slow",
              "pass": true,
              "fail": false,
              "pending": false,
              "context": null,
              "code": "const driver = getDriver();\nawait driver.get(`${config.baseUrl}/`);\nawait driver.navigate().refresh();\nexpect(true).to.be.true;",
              "err": {},
              "uuid": "9291ca03-1e4e-4619-bf3a-f102354c1ac7",
              "parentUUID": "7d404501-8a53-4955-81e5-47d0a2ab69f6",
              "isHook": false,
              "skipped": false
            },
            {
              "title": "should test browser back and forward functionality",
              "fullTitle": "Navigation Testing should test browser back and forward functionality",
              "timedOut": false,
              "duration": 0,
              "state": "passed",
              "speed": "fast",
              "pass": true,
              "fail": false,
              "pending": false,
              "context": null,
              "code": "expect(true).to.be.true;",
              "err": {},
              "uuid": "595e549e-01f1-472f-974c-7b72dba59df0",
              "parentUUID": "7d404501-8a53-4955-81e5-47d0a2ab69f6",
              "isHook": false,
              "skipped": false
            },
            {
              "title": "should find and verify navbar links",
              "fullTitle": "Navigation Testing should find and verify navbar links",
              "timedOut": false,
              "duration": 0,
              "state": "passed",
              "speed": "fast",
              "pass": true,
              "fail": false,
              "pending": false,
              "context": null,
              "code": "expect(true).to.be.true;",
              "err": {},
              "uuid": "f6ecf8a8-a607-4062-b076-ebf3d482bb76",
              "parentUUID": "7d404501-8a53-4955-81e5-47d0a2ab69f6",
              "isHook": false,
              "skipped": false
            }
          ],
          "suites": [],
          "passes": [
            "9291ca03-1e4e-4619-bf3a-f102354c1ac7",
            "595e549e-01f1-472f-974c-7b72dba59df0",
            "f6ecf8a8-a607-4062-b076-ebf3d482bb76"
          ],
          "failures": [],
          "pending": [],
          "skipped": [],
          "duration": 414,
          "root": false,
          "rootEmpty": false,
          "_timeout": 120000
        }
      ],
      "passes": [],
      "failures": [],
      "pending": [],
      "skipped": [],
      "duration": 0,
      "root": true,
      "rootEmpty": true,
      "_timeout": 120000
    }
  ],
  "meta": {
    "mocha": {
      "version": "11.7.6"
    },
    "mochawesome": {
      "options": {
        "quiet": false,
        "reportFilename": "mochawesome",
        "saveHtml": true,
        "saveJson": true,
        "consoleReporter": "spec",
        "useInlineDiffs": false,
        "code": true
      },
      "version": "7.1.4"
    },
    "marge": {
      "options": {
        "reportDir": "selenium-framework/reports",
        "reportFilename": "mochawesome",
        "html": "true",
        "json": "true"
      },
      "version": "6.3.2"
    }
  }
}