{
  "stats": {
    "suites": 0,
    "tests": 0,
    "passes": 0,
    "pending": 0,
    "failures": 0,
    "start": "2026-06-18T04:37:41.619Z",
    "end": "2026-06-18T04:38:58.353Z",
    "duration": 76734,
    "testsRegistered": 8,
    "passPercent": 0,
    "pendingPercent": 0,
    "other": 1,
    "hasOther": true,
    "skipped": 8,
    "hasSkipped": true
  },
  "results": [
    {
      "uuid": "771bfdbe-43c0-4517-9532-0abe1a937f92",
      "title": "",
      "fullFile": "",
      "file": "",
      "beforeHooks": [
        {
          "title": "\"before all\" hook in \"{root}\"",
          "fullTitle": "\"before all\" hook in \"{root}\"",
          "timedOut": false,
          "duration": 76571,
          "state": "failed",
          "speed": null,
          "pass": false,
          "fail": true,
          "pending": false,
          "context": null,
          "code": "logger.info('Initializing Selenium WebDriver...');\n\nconst builder = new Builder().forBrowser(config.browser);\n\nif (config.headless) {\n    const chromeOptions = new chrome.Options().addArguments('--headless', '--disable-gpu', '--window-size=1920,1080');\n    const firefoxOptions = new firefox.Options().addArguments('--headless', '--window-size=1920,1080');\n    const edgeOptions = new edge.Options().addArguments('--headless', '--disable-gpu', '--window-size=1920,1080');\n    \n    builder.setChromeOptions(chromeOptions)\n           .setFirefoxOptions(firefoxOptions)\n           .setEdgeOptions(edgeOptions);\n}\ndriver = await builder.build();\nawait driver.manage().setTimeouts({ implicit: config.timeout.implicit, pageLoad: config.timeout.pageLoad });\nawait driver.manage().window().maximize();\nlogger.info(`Browser launched: ${config.browser} (Headless: ${config.headless})`);",
          "err": {
            "message": "Error: Timeout of 60000ms exceeded. For async tests and hooks, ensure \"done()\" is called; if returning a Promise, ensure it resolves.",
            "estack": "Error: Timeout of 60000ms exceeded. For async tests and hooks, ensure \"done()\" is called; if returning a Promise, ensure it resolves.\n    at process.processTicksAndRejections (node:internal/process/task_queues:104:5)",
            "diff": null
          },
          "uuid": "c0ddfadc-8d68-4356-aa01-c68bfb3750e6",
          "parentUUID": "771bfdbe-43c0-4517-9532-0abe1a937f92",
          "isHook": true,
          "skipped": false
        },
        {
          "title": "\"before each\" hook",
          "fullTitle": "\"before each\" hook",
          "timedOut": false,
          "duration": 0,
          "state": null,
          "speed": null,
          "pass": false,
          "fail": false,
          "pending": false,
          "context": null,
          "code": "this.currentTest.startTime = Date.now();",
          "err": {},
          "uuid": "f9ff2cc3-2d07-4c11-b899-8c8942ec8961",
          "parentUUID": "771bfdbe-43c0-4517-9532-0abe1a937f92",
          "isHook": true,
          "skipped": false
        }
      ],
      "afterHooks": [
        {
          "title": "\"after all\" hook in \"{root}\"",
          "fullTitle": "\"after all\" hook in \"{root}\"",
          "timedOut": false,
          "duration": 159,
          "state": null,
          "speed": null,
          "pass": false,
          "fail": false,
          "pending": false,
          "context": null,
          "code": "logger.info('Tearing down Selenium WebDriver...');\nif (driver) {\n    await driver.quit();\n}\nawait excelReporter.generateReport();",
          "err": {},
          "uuid": "6230a1d4-ef99-43b1-8891-43ebd97439d7",
          "parentUUID": "771bfdbe-43c0-4517-9532-0abe1a937f92",
          "isHook": true,
          "skipped": false
        },
        {
          "title": "\"after each\" hook",
          "fullTitle": "\"after each\" hook",
          "timedOut": false,
          "duration": 0,
          "state": null,
          "speed": null,
          "pass": false,
          "fail": false,
          "pending": false,
          "context": null,
          "code": "const testStatus = this.currentTest.state || 'skipped';\nconst duration = Date.now() - this.currentTest.startTime;\nlet screenshotPath = '';\nif (testStatus === 'failed') {\n    const err = this.currentTest.err;\n    logger.error(`Test Failed: ${this.currentTest.title} - ${err.message}`);\n    \n    // Capture Screenshot\n    if (!fs.existsSync(config.paths.screenshots)) {\n        fs.mkdirSync(config.paths.screenshots, { recursive: true });\n    }\n    const screenshot = await driver.takeScreenshot();\n    const filename = `${this.currentTest.title.replace(/\\s+/g, '_')}_${Date.now()}.png`;\n    screenshotPath = path.join(config.paths.screenshots, filename);\n    fs.writeFileSync(screenshotPath, screenshot, 'base64');\n    logger.info(`Screenshot saved: ${screenshotPath}`);\n    // Log browser current URL\n    const url = await driver.getCurrentUrl();\n    \n    excelReporter.addFailedTest({\n        name: this.currentTest.title,\n        reason: err.message,\n        screenshot: screenshotPath,\n        browser: config.browser,\n        url: url\n    });\n    \n    excelReporter.addLog({\n        name: this.currentTest.title,\n        step: 'Execution',\n        result: 'FAILED',\n        remarks: err.message\n    });\n} else if (testStatus === 'passed') {\n    logger.info(`Test Passed: ${this.currentTest.title}`);\n}\nexcelReporter.addTestCase({\n    id: `TC_${Date.now()}`,\n    module: this.currentTest.parent.title,\n    name: this.currentTest.title,\n    browser: config.browser,\n    status: testStatus,\n    start: new Date(this.currentTest.startTime).toISOString(),\n    end: new Date().toISOString(),\n    duration: duration\n});",
          "err": {},
          "uuid": "d9665d3b-2a8c-4a70-af13-562cf04a33db",
          "parentUUID": "771bfdbe-43c0-4517-9532-0abe1a937f92",
          "isHook": true,
          "skipped": false
        }
      ],
      "tests": [],
      "suites": [
        {
          "uuid": "9e9bef85-69cc-42e6-80b9-85377e4a7f72",
          "title": "Authentication Testing",
          "fullFile": "D:\\Application-1-master\\Application-1-master\\selenium-framework\\tests\\auth.test.js",
          "file": "\\selenium-framework\\tests\\auth.test.js",
          "beforeHooks": [
            {
              "title": "\"before all\" hook",
              "fullTitle": "Authentication Testing \"before all\" hook",
              "timedOut": false,
              "duration": 0,
              "state": null,
              "speed": null,
              "pass": false,
              "fail": false,
              "pending": false,
              "context": null,
              "code": "loginPage = new LoginPage(getDriver());",
              "err": {},
              "uuid": "fb112df4-c0d6-4141-8f56-a2a471ebecee",
              "parentUUID": null,
              "isHook": true,
              "skipped": false
            },
            {
              "title": "\"before each\" hook",
              "fullTitle": "Authentication Testing \"before each\" hook",
              "timedOut": false,
              "duration": 0,
              "state": null,
              "speed": null,
              "pass": false,
              "fail": false,
              "pending": false,
              "context": null,
              "code": "await loginPage.navigate();",
              "err": {},
              "uuid": "aae4b683-0661-4063-9d68-c10ff6ffb1af",
              "parentUUID": null,
              "isHook": true,
              "skipped": false
            }
          ],
          "afterHooks": [],
          "tests": [
            {
              "title": "should show error for empty username",
              "fullTitle": "Authentication Testing should show error for empty username",
              "timedOut": false,
              "duration": 0,
              "state": null,
              "speed": null,
              "pass": false,
              "fail": false,
              "pending": false,
              "context": null,
              "code": "await loginPage.login('', 'Password123!');\nconst errorMsg = await loginPage.getErrorMessage();\nexpect(errorMsg).to.not.be.empty;",
              "err": {},
              "uuid": "9b64b27a-d2e9-4f47-9b73-a899e3b6a21c",
              "parentUUID": null,
              "isHook": false,
              "skipped": true
            },
            {
              "title": "should show error for empty password",
              "fullTitle": "Authentication Testing should show error for empty password",
              "timedOut": false,
              "duration": 0,
              "state": null,
              "speed": null,
              "pass": false,
              "fail": false,
              "pending": false,
              "context": null,
              "code": "await loginPage.login('testuser@example.com', '');\nconst errorMsg = await loginPage.getErrorMessage();\nexpect(errorMsg).to.not.be.empty;",
              "err": {},
              "uuid": "91507e3d-864a-43bb-b410-a0cf54458d9a",
              "parentUUID": null,
              "isHook": false,
              "skipped": true
            },
            {
              "title": "should show error for invalid credentials",
              "fullTitle": "Authentication Testing should show error for invalid credentials",
              "timedOut": false,
              "duration": 0,
              "state": null,
              "speed": null,
              "pass": false,
              "fail": false,
              "pending": false,
              "context": null,
              "code": "await loginPage.login(config.credentials.invalidUser.username, config.credentials.invalidUser.password);\nconst errorMsg = await loginPage.getErrorMessage();\nexpect(errorMsg).to.contain('Invalid login credentials');",
              "err": {},
              "uuid": "b401ab94-a8a1-483e-8c0c-b42fc49b2b9c",
              "parentUUID": null,
              "isHook": false,
              "skipped": true
            },
            {
              "title": "should login successfully with valid credentials",
              "fullTitle": "Authentication Testing should login successfully with valid credentials",
              "timedOut": false,
              "duration": 0,
              "state": null,
              "speed": null,
              "pass": false,
              "fail": false,
              "pending": false,
              "context": null,
              "code": "// Skip if you want to prevent true login side effects during normal runs\nawait loginPage.login(config.credentials.validUser.username, config.credentials.validUser.password);\nconst url = await loginPage.getCurrentUrl();\nexpect(url).to.not.include('/auth');\n\n// Validate Logout flow\nconst canLogout = await loginPage.isLogoutVisible();\nif (canLogout) {\n    await loginPage.logout();\n    const urlAfterLogout = await loginPage.getCurrentUrl();\n    expect(urlAfterLogout).to.include('/auth');\n}",
              "err": {},
              "uuid": "74a02437-d5cf-40f8-97f1-b6573c6f0ddb",
              "parentUUID": null,
              "isHook": false,
              "skipped": true
            }
          ],
          "suites": [],
          "passes": [],
          "failures": [],
          "pending": [],
          "skipped": [
            "9b64b27a-d2e9-4f47-9b73-a899e3b6a21c",
            "91507e3d-864a-43bb-b410-a0cf54458d9a",
            "b401ab94-a8a1-483e-8c0c-b42fc49b2b9c",
            "74a02437-d5cf-40f8-97f1-b6573c6f0ddb"
          ],
          "duration": 0,
          "root": false,
          "rootEmpty": false,
          "_timeout": 60000
        },
        {
          "uuid": "2307bed1-f843-402b-af59-9b596cc537e2",
          "title": "Dynamic Form Validation Testing",
          "fullFile": "D:\\Application-1-master\\Application-1-master\\selenium-framework\\tests\\dynamicForm.test.js",
          "file": "\\selenium-framework\\tests\\dynamicForm.test.js",
          "beforeHooks": [
            {
              "title": "\"before all\" hook",
              "fullTitle": "Dynamic Form Validation Testing \"before all\" hook",
              "timedOut": false,
              "duration": 0,
              "state": null,
              "speed": null,
              "pass": false,
              "fail": false,
              "pending": false,
              "context": null,
              "code": "utils = new SeleniumUtils(getDriver());",
              "err": {},
              "uuid": "f43d0ec3-1964-425d-823b-6590447f7512",
              "parentUUID": null,
              "isHook": true,
              "skipped": false
            }
          ],
          "afterHooks": [],
          "tests": [
            {
              "title": "No forms discovered",
              "fullTitle": "Dynamic Form Validation Testing No forms discovered",
              "timedOut": false,
              "duration": 0,
              "state": null,
              "speed": null,
              "pass": false,
              "fail": false,
              "pending": false,
              "context": null,
              "code": "logger.warn('No forms were found during dynamic discovery.');",
              "err": {},
              "uuid": "ad933dc7-dbc1-4c3e-bc30-64d6a9518726",
              "parentUUID": null,
              "isHook": false,
              "skipped": true
            }
          ],
          "suites": [],
          "passes": [],
          "failures": [],
          "pending": [],
          "skipped": [
            "ad933dc7-dbc1-4c3e-bc30-64d6a9518726"
          ],
          "duration": 0,
          "root": false,
          "rootEmpty": false,
          "_timeout": 60000
        },
        {
          "uuid": "48817a25-57cc-4f19-bb22-36b446b6167b",
          "title": "Navigation Testing",
          "fullFile": "D:\\Application-1-master\\Application-1-master\\selenium-framework\\tests\\navigation.test.js",
          "file": "\\selenium-framework\\tests\\navigation.test.js",
          "beforeHooks": [
            {
              "title": "\"before all\" hook",
              "fullTitle": "Navigation Testing \"before all\" hook",
              "timedOut": false,
              "duration": 0,
              "state": null,
              "speed": null,
              "pass": false,
              "fail": false,
              "pending": false,
              "context": null,
              "code": "basePage = new BasePage(getDriver());",
              "err": {},
              "uuid": "d92bdb54-4506-466e-8635-e6ee3e10f4b4",
              "parentUUID": null,
              "isHook": true,
              "skipped": false
            }
          ],
          "afterHooks": [],
          "tests": [
            {
              "title": "should navigate to home and refresh",
              "fullTitle": "Navigation Testing should navigate to home and refresh",
              "timedOut": false,
              "duration": 0,
              "state": null,
              "speed": null,
              "pass": false,
              "fail": false,
              "pending": false,
              "context": null,
              "code": "await basePage.navigateTo(`${config.baseUrl}/`);\nconst title = await basePage.getTitle();\nexpect(title).to.be.a('string');\n\nawait basePage.refresh();\nconst url = await basePage.getCurrentUrl();\nexpect(url).to.equal(`${config.baseUrl}/`);",
              "err": {},
              "uuid": "0e8389d9-9176-4514-abfa-06f096626073",
              "parentUUID": null,
              "isHook": false,
              "skipped": true
            },
            {
              "title": "should test browser back and forward functionality",
              "fullTitle": "Navigation Testing should test browser back and forward functionality",
              "timedOut": false,
              "duration": 0,
              "state": null,
              "speed": null,
              "pass": false,
              "fail": false,
              "pending": false,
              "context": null,
              "code": "await basePage.navigateTo(`${config.baseUrl}/`);\nawait basePage.navigateTo(`${config.baseUrl}/auth`);\n\nawait basePage.goBack();\nlet url = await basePage.getCurrentUrl();\nexpect(url).to.equal(`${config.baseUrl}/`);\n\nawait basePage.goForward();\nurl = await basePage.getCurrentUrl();\nexpect(url).to.include('/auth');",
              "err": {},
              "uuid": "ac151373-ec0d-437a-b516-63a90c996c31",
              "parentUUID": null,
              "isHook": false,
              "skipped": true
            },
            {
              "title": "should find and click navbar links if present",
              "fullTitle": "Navigation Testing should find and click navbar links if present",
              "timedOut": false,
              "duration": 0,
              "state": null,
              "speed": null,
              "pass": false,
              "fail": false,
              "pending": false,
              "context": null,
              "code": "await basePage.navigateTo(`${config.baseUrl}/`);\ntry {\n    const navLinks = await getDriver().findElements(By.css('nav a'));\n    if (navLinks.length > 0) {\n        const href = await navLinks[0].getAttribute('href');\n        if (href && href.startsWith('http')) {\n            await navLinks[0].click();\n            const newUrl = await basePage.getCurrentUrl();\n            expect(newUrl).to.equal(href);\n        }\n    }\n} catch (e) {\n    // No navbar found\n}",
              "err": {},
              "uuid": "67214947-36a6-4a1a-81bc-018e62b35347",
              "parentUUID": null,
              "isHook": false,
              "skipped": true
            }
          ],
          "suites": [],
          "passes": [],
          "failures": [],
          "pending": [],
          "skipped": [
            "0e8389d9-9176-4514-abfa-06f096626073",
            "ac151373-ec0d-437a-b516-63a90c996c31",
            "67214947-36a6-4a1a-81bc-018e62b35347"
          ],
          "duration": 0,
          "root": false,
          "rootEmpty": false,
          "_timeout": 60000
        }
      ],
      "passes": [],
      "failures": [],
      "pending": [],
      "skipped": [],
      "duration": 0,
      "root": true,
      "rootEmpty": true,
      "_timeout": 60000
    }
  ],
  "meta": {
    "mocha": {
      "version": "11.7.6"
    },
    "mochawesome": {
      "options": {
        "quiet": false,
        "reportFilename": "mochawesome",
        "saveHtml": true,
        "saveJson": true,
        "consoleReporter": "spec",
        "useInlineDiffs": false,
        "code": true
      },
      "version": "7.1.4"
    },
    "marge": {
      "options": {
        "reportDir": "selenium-framework/reports",
        "reportFilename": "mochawesome",
        "html": "true",
        "json": "true"
      },
      "version": "6.3.2"
    }
  }
}